c:\users\12\source\repos\heapsort-lab\heapsort-lab\x64\debug\vc143.pdb
c:\users\12\source\repos\heapsort-lab\heapsort-lab\x64\debug\vc143.idb
c:\users\12\source\repos\heapsort-lab\heapsort-lab\x64\debug\heapsort.obj
c:\users\12\source\repos\heapsort-lab\heapsort-lab\x64\debug\heap.obj
c:\users\12\source\repos\heapsort-lab\heapsort-lab\x64\debug\heapsort-lab.ilk
c:\users\12\source\repos\heapsort-lab\x64\debug\heapsort-lab.exe
c:\users\12\source\repos\heapsort-lab\x64\debug\heapsort-lab.pdb
c:\users\user\documents\учёба ивана\рпс\heapsort1\heapsort-lab-master\heapsort-lab\x64\debug\forfile.obj
c:\users\user\documents\учёба ивана\рпс\heapsort1\heapsort-lab-master\heapsort-lab\x64\debug\heap.obj
c:\users\user\documents\учёба ивана\рпс\heapsort1\heapsort-lab-master\heapsort-lab\x64\debug\heapsort.obj
c:\users\user\documents\учёба ивана\рпс\heapsort1\heapsort-lab-master\heapsort-lab\x64\debug\input.obj
c:\users\user\documents\учёба ивана\рпс\heapsort1\heapsort-lab-master\heapsort-lab\x64\debug\interface.obj
c:\users\user\documents\учёба ивана\рпс\heapsort1\heapsort-lab-master\heapsort-lab\x64\debug\tests.obj
c:\users\user\documents\учёба ивана\рпс\heapsort1\heapsort-lab-master\heapsort-lab\x64\debug\heapsort-lab.ilk
c:\users\user\documents\учёба ивана\рпс\heapsort1\heapsort-lab-master\heapsort-lab\x64\debug\heapsort.ilk
c:\users\user\documents\учёба ивана\рпс\heapsort1\heapsort-lab-master\heapsort-lab\x64\debug\vc143.idb
c:\users\user\documents\учёба ивана\рпс\heapsort1\heapsort-lab-master\heapsort-lab\x64\debug\vc143.pdb
c:\users\user\documents\учёба ивана\рпс\heapsort1\heapsort-lab-master\x64\debug\heapsort-lab.pdb
c:\users\user\documents\учёба ивана\рпс\heapsort1\heapsort-lab-master\x64\debug\heapsort-lab.exe
c:\users\user\documents\учёба ивана\рпс\heapsort1\heapsort-lab-master\heapsort-lab\x64\debug\heapsort-lab.tlog\cl.command.1.tlog
c:\users\user\documents\учёба ивана\рпс\heapsort1\heapsort-lab-master\heapsort-lab\x64\debug\heapsort-lab.tlog\cl.items.tlog
c:\users\user\documents\учёба ивана\рпс\heapsort1\heapsort-lab-master\heapsort-lab\x64\debug\heapsort-lab.tlog\cl.read.1.tlog
c:\users\user\documents\учёба ивана\рпс\heapsort1\heapsort-lab-master\heapsort-lab\x64\debug\heapsort-lab.tlog\cl.write.1.tlog
c:\users\user\documents\учёба ивана\рпс\heapsort1\heapsort-lab-master\heapsort-lab\x64\debug\heapsort-lab.tlog\link.command.1.tlog
c:\users\user\documents\учёба ивана\рпс\heapsort1\heapsort-lab-master\heapsort-lab\x64\debug\heapsort-lab.tlog\link.read.1.tlog
c:\users\user\documents\учёба ивана\рпс\heapsort1\heapsort-lab-master\heapsort-lab\x64\debug\heapsort-lab.tlog\link.write.1.tlog
